make all --print-data-base --no-builtin-variables --no-builtin-rules --question
# GNU Make 4.2.1
# Built for x86_64-pc-linux-gnu
# Copyright (C) 1988-2016 Free Software Foundation, Inc.
# License GPLv3+: GNU GPL version 3 or later <http://gnu.org/licenses/gpl.html>
# This is free software: you are free to change and redistribute it.
# There is NO WARRANTY, to the extent permitted by law.

# Make data base, printed on Thu Mar 31 19:09:40 2022

# Variables

# automatic
<D = $(patsubst %/,%,$(dir $<))
# automatic
?F = $(notdir $?)
# environment
DESKTOP_SESSION = pop
# default
.SHELLFLAGS := -c
# environment
XDG_SESSION_CLASS = user
# environment
SNAP_COMMON = /var/snap/code/common
# environment
XDG_SESSION_TYPE = x11
# environment
VSCODE_LOG_NATIVE = false
# automatic
?D = $(patsubst %/,%,$(dir $?))
# environment
IM_CONFIG_PHASE = 1
# automatic
@D = $(patsubst %/,%,$(dir $@))
# environment
XAUTHORITY = /home/adampapp/.Xauthority
# automatic
@F = $(notdir $@)
# environment
XMODIFIERS = @im=ibus
# makefile
CURDIR := /media/adampapp/2TBHDD/C/2D_gameEngine
# makefile
SHELL = /bin/sh
# environment
SNAP_DATA = /var/snap/code/92
# environment
VSCODE_NLS_CONFIG = {"locale":"en-gb","availableLanguages":{},"_languagePackSupport":true}
# environment
JOURNAL_STREAM = 8:45146
# environment
XDG_CONFIG_DIRS = /etc/xdg/xdg-pop:/etc/xdg
# environment
SNAP_INSTANCE_NAME = code
# environment
SNAP_ARCH = amd64
# makefile (from 'makefile', line 1)
MAKEFILE_LIST :=  makefile
# environment
GIO_LAUNCHED_DESKTOP_FILE = /var/lib/snapd/desktop/applications/code_code.desktop
# 'override' directive
GNUMAKEFLAGS := 
# environment
MANDATORY_PATH = /usr/share/gconf/pop.mandatory.path
# environment
XDG_DATA_DIRS = /usr/share/pop:/home/adampapp/.local/share/flatpak/exports/share:/var/lib/flatpak/exports/share:/usr/local/share:/usr/share:/var/lib/snapd/desktop
# environment
DBUS_SESSION_BUS_ADDRESS = unix:path=/run/user/1000/bus
# environment
VSCODE_VERBOSE_LOGGING = true
# environment
_ = /snap/code/92/usr/share/code/code
# environment
MANAGERPID = 1367
# environment
LESSOPEN = | /usr/bin/lesspipe %s
# environment
VSCODE_CWD = /home/adampapp
# environment
XDG_SESSION_PATH = /org/freedesktop/DisplayManager/Session0
# environment
GSETTINGS_SCHEMA_DIR = /snap/code/92/usr/share/glib-2.0/schemas
# default
MAKE_HOST := x86_64-pc-linux-gnu
# environment
PATH = /home/adampapp/.local/bin:/home/adampapp/.local/bin:/usr/local/sbin:/usr/local/bin:/usr/sbin:/usr/bin:/sbin:/bin:/usr/games:/usr/local/games:/snap/bin
# environment
GPG_AGENT_INFO = /run/user/1000/gnupg/S.gpg-agent:0:1
# makefile (from 'makefile', line 1)
files = main.c src/engine/camera.c src/engine/engine.c src/engine/gameObj.c src/engine/hitbox.c src/runtime.c
# environment
SESSION_MANAGER = local/pop-os:@/tmp/.ICE-unix/1615,unix/pop-os:/tmp/.ICE-unix/1615
# environment
XDG_RUNTIME_DIR = /run/user/1000
# environment
GDK_PIXBUF_MODULE_FILE = /home/adampapp/snap/code/common/.cache/gdk-pixbuf-loaders.cache
# environment
SNAP = /snap/code/92
# environment
SNAP_VERSION = e18005f0
# environment
XDG_MENU_PREFIX = gnome-
# environment
VSCODE_LOG_STACK = false
# environment
DISABLE_WAYLAND = 1
# environment
ELECTRON_RUN_AS_NODE = 1
# environment
INVOCATION_ID = ef416c578edb4fe8a7db56e6922fcba7
# environment
GDK_PIXBUF_MODULEDIR = /snap/code/92/usr/lib/x86_64-linux-gnu/gdk-pixbuf-2.0/2.10.0/loaders
# default
.FEATURES := target-specific order-only second-expansion else-if shortest-stem undefine oneshell archives jobserver output-sync check-symlink load
# environment
LS_COLORS = 
# environment
XDG_SESSION_DESKTOP = pop:GNOME
# environment
SSH_AUTH_SOCK = /run/user/1000/keyring/ssh
# environment
GIO_LAUNCHED_DESKTOP_FILE_PID = 43461
# automatic
%F = $(notdir $%)
# environment
DISPLAY = :0
# environment
VSCODE_PIPE_LOGGING = true
# environment
SNAP_INSTANCE_KEY = 
# environment
PWD = /media/adampapp/2TBHDD/C/2D_gameEngine
# default
.LOADED := 
# environment
SSH_AGENT_PID = 1533
# environment
ORIGINAL_XDG_CURRENT_DESKTOP = pop:GNOME
# environment
GTK_MODULES = gail:atk-bridge:appmenu-gtk-module
# environment
VSCODE_AMD_ENTRYPOINT = vs/workbench/api/node/extensionHostProcess
# environment
HOME = /home/adampapp
# environment
LESSCLOSE = /usr/bin/lesspipe %s %s
# environment
VSCODE_CLI = 1
# environment
VSCODE_CODE_CACHE_PATH = /home/adampapp/.config/Code/CachedData/e18005f0f1b33c29e81d732535d8c0e47cafb0b5
# environment
LOGNAME = adampapp
# environment
APPLICATION_INSIGHTS_NO_DIAGNOSTIC_CHANNEL = 1
# environment
SNAP_LIBRARY_PATH = /var/lib/snapd/lib/gl:/var/lib/snapd/lib/gl32:/var/lib/snapd/void
# environment
SNAP_CONTEXT = D4W96_aNZZUVEUbeQ7YdrVex4ojs7vRQ3mUzv8Bl2MFPhT6y_IMI
# environment
ELECTRON_NO_ATTACH_CONSOLE = 1
# environment
SNAP_USER_COMMON = /home/adampapp/snap/code/common
# environment
VSCODE_HANDLES_UNCAUGHT_ERRORS = true
# environment
GNOME_DESKTOP_SESSION_ID = this-is-deprecated
# automatic
^D = $(patsubst %/,%,$(dir $^))
# environment
MAKELEVEL := 0
# environment
SNAP_REAL_HOME = /home/adampapp
# default
MAKE = $(MAKE_COMMAND)
# default
MAKECMDGOALS := all
# environment
QT_IM_MODULE = ibus
# environment
SNAP_USER_DATA = /home/adampapp/snap/code/92
# environment
SHLVL = 0
# environment
GNOME_SHELL_SESSION_MODE = pop
# environment
VSCODE_IPC_HOOK_EXTHOST = /run/user/1000/vscode-ipc-c6c1d9e8-d07f-4a8e-93ec-97e5a0f7f4d7.sock
# default
MAKE_VERSION := 4.2.1
# environment
USER = adampapp
# environment
SNAP_REVISION = 92
# makefile
.DEFAULT_GOAL := all
# environment
XDG_CURRENT_DESKTOP = Unity
# automatic
%D = $(patsubst %/,%,$(dir $%))
# default
MAKE_COMMAND := make
# default
.VARIABLES := 
# automatic
*F = $(notdir $*)
# environment
XDG_SEAT_PATH = /org/freedesktop/DisplayManager/Seat0
# environment
VSCODE_IPC_HOOK = /run/user/1000/vscode-27e6145e-1.66.0-main.sock
# environment
BAMF_DESKTOP_FILE_HINT = /var/lib/snapd/desktop/applications/code_code.desktop
# makefile
MAKEFLAGS = pqrR
# environment
MFLAGS = -pqrR
# automatic
*D = $(patsubst %/,%,$(dir $*))
# automatic
+D = $(patsubst %/,%,$(dir $+))
# environment
GDK_BACKEND = x11
# automatic
+F = $(notdir $+)
# environment
QT_ACCESSIBILITY = 1
# environment
DEFAULTS_PATH = /usr/share/gconf/pop.default.path
# default
MAKEFILES := 
# environment
SNAP_COOKIE = D4W96_aNZZUVEUbeQ7YdrVex4ojs7vRQ3mUzv8Bl2MFPhT6y_IMI
# automatic
<F = $(notdir $<)
# environment
SNAP_NAME = code
# environment
LC_ALL = C
# environment
GJS_DEBUG_TOPICS = JS ERROR;JS LOG
# automatic
^F = $(notdir $^)
# default
SUFFIXES := 
# environment
SNAP_REEXEC = 
# environment
CHROME_DESKTOP = code-url-handler.desktop
# default
.INCLUDE_DIRS = /usr/include /usr/local/include /usr/include
# environment
GJS_DEBUG_OUTPUT = stderr
# default
.RECIPEPREFIX := 
# environment
LANG = C
# environment
VSCODE_PID = 43510
# variable set hash-table stats:
# Load=122/1024=12%, Rehash=0, Collisions=13/152=9%

# Pattern-specific Variable Values

# No pattern-specific variable values.

# Directories

# . (device 2049, inode 121111339): 11 files, no impossibilities.

# 11 files, no impossibilities in 1 directories.

# Implicit Rules

# No implicit rules.

# Files

all: main.c src/engine/camera.c src/engine/engine.c src/engine/gameObj.c src/engine/hitbox.c src/runtime.c
#  Command line target.
#  Implicit rule search has not been done.
#  Implicit/static pattern stem: ''
#  File does not exist.
#  File has been updated.
#  Needs to be updated (-q is set).
# automatic
# @ := all
# automatic
# % := 
 
# automatic
# * := 
# automatic
# + := main.c src/engine/camera.c src/engine/engine.c src/engine/gameObj.c src/engine/hitbox.c src/runtime.c
# automatic
# | := 
# automatic
# < := main.c
# automatic
# ^ := main.c src/engine/camera.c src/engine/engine.c src/engine/gameObj.c src/engine/hitbox.c src/runtime.c
# automatic
# ? := main.c src/engine/camera.c src/engine/engine.c src/engine/gameObj.c src/engine/hitbox.c src/runtime.c
# variable set hash-table stats:
# Load=8/32=25%, Rehash=0, Collisions=1/12=8%
#  recipe to execute (from 'makefile', line 4):
	gcc $(files) -w -lSDL2 -lSDL2_image 
	./a.out

# Not a target:
src/engine/engine.c:
#  Implicit rule search has been done.
#  Last modified 2022-03-31 16:59:08.934098143
#  File has been updated.
#  Successfully updated.

# Not a target:
main.c:
#  Implicit rule search has been done.
#  Last modified 2022-03-31 16:59:08.934098143
#  File has been updated.
#  Successfully updated.

# Not a target:
.SUFFIXES:
#  Implicit rule search has not been done.
#  Modification time never checked.
#  File has not been updated.

# Not a target:
makefile:
#  Implicit rule search has been done.
#  Last modified 2022-03-31 16:59:08.934098143
#  File has been updated.
#  Successfully updated.

# Not a target:
src/engine/camera.c:
#  Implicit rule search has been done.
#  Last modified 2022-03-31 16:59:08.934098143
#  File has been updated.
#  Successfully updated.

# Not a target:
src/engine/hitbox.c:
#  Implicit rule search has been done.
#  Last modified 2022-03-31 18:19:54.709803529
#  File has been updated.
#  Successfully updated.

# Not a target:
.DEFAULT:
#  Implicit rule search has not been done.
#  Modification time never checked.
#  File has not been updated.

# Not a target:
src/runtime.c:
#  Implicit rule search has been done.
#  Last modified 2022-03-31 18:54:48.400664328
#  File has been updated.
#  Successfully updated.

# Not a target:
src/engine/gameObj.c:
#  Implicit rule search has been done.
#  Last modified 2022-03-31 18:54:05.928281455
#  File has been updated.
#  Successfully updated.

# files hash-table stats:
# Load=10/1024=1%, Rehash=0, Collisions=0/28=0%
# VPATH Search Paths

# No 'vpath' search paths.

# No general ('VPATH' variable) search path.

# strcache buffers: 1 (0) / strings = 21 / storage = 221 B / avg = 10 B
# current buf: size = 8162 B / used = 221 B / count = 21 / avg = 10 B

# strcache performance: lookups = 29 / hit rate = 27%
# hash-table stats:
# Load=21/8192=0%, Rehash=0, Collisions=1/29=3%
# Finished Make data base on Thu Mar 31 19:09:40 2022

 
